1719316912710|1|statement|select e1_0.etudiant_id,e1_0.ecole_id,e1_0.nom,e1_0.prenom from etudiant e1_0
1719316912729|0|commit|
1719316912741|2|statement|select p1_0.etudiant_id,p1_1.projet_id,p1_1.nom_projet from etudiant_projet p1_0 join projet p1_1 on p1_1.projet_id=p1_0.projet_id where p1_0.etudiant_id = any ('{"1","2","3","4","5","6","7","8","9","10"}')
1719316912743|0|statement|select p1_0.etudiant_id,p1_1.projet_id,p1_1.nom_projet from etudiant_projet p1_0 join projet p1_1 on p1_1.projet_id=p1_0.projet_id where p1_0.etudiant_id = any ('{"11","12","13","14","15","16","17","18","19","20"}')
1719316912746|0|statement|select p1_0.etudiant_id,p1_1.projet_id,p1_1.nom_projet from etudiant_projet p1_0 join projet p1_1 on p1_1.projet_id=p1_0.projet_id where p1_0.etudiant_id=21
1719317132343|6|statement|select * from information_schema.sequences
1719317132368|2|statement|create index idx_etudiants on ecole (etudiants)
1719317132374|0|statement|create index idx_projets on etudiant (projets)
1719317132377|0|statement|create index idx_etudiants on projet (etudiants)
1719317132399|0|statement|select * from "public"."adresse" where 1=0
1719317132416|0|statement|select * from "public"."ecole" where 1=0
1719317132429|0|statement|select * from "public"."etudiant" where 1=0
1719317132432|0|statement|select * from "public"."projet" where 1=0
1719317416904|7|statement|select * from information_schema.sequences
1719317416926|2|statement|create index idx_projets on etudiant (projets)
1719317416937|6|statement|create index idx_etudiant_projet_projet on etudiant_projet (projet_id)
1719317416938|1|statement|create index idx_etudiant_projet_etudiant on etudiant_projet (etudiant_id)
1719317416954|0|statement|select * from "public"."adresse" where 1=0
1719317416968|0|statement|select * from "public"."ecole" where 1=0
1719317416979|0|statement|select * from "public"."etudiant" where 1=0
1719317416982|0|statement|select * from "public"."projet" where 1=0
1719317438913|6|statement|select * from information_schema.sequences
1719317438953|0|statement|select * from "public"."adresse" where 1=0
1719317438969|0|statement|select * from "public"."ecole" where 1=0
1719317438981|0|statement|select * from "public"."etudiant" where 1=0
1719317438989|0|statement|select * from "public"."projet" where 1=0
1719317443527|6|statement|select * from information_schema.sequences
1719317443567|0|statement|select * from "public"."adresse" where 1=0
1719317443581|0|statement|select * from "public"."ecole" where 1=0
1719317443594|0|statement|select * from "public"."etudiant" where 1=0
1719317443597|0|statement|select * from "public"."projet" where 1=0
1719317586916|6|statement|select * from information_schema.sequences
1719317586942|4|statement|create index idx_etudiant_nom on ecole (nom_ecole)
1719317586946|2|statement|create index idx_etudiant_nom on etudiant (nom)
1719317586954|0|statement|create index idx_etudiant_nom on projet (nom_projet)
1719317586971|0|statement|select * from "public"."adresse" where 1=0
1719317586985|0|statement|select * from "public"."ecole" where 1=0
1719317586998|0|statement|select * from "public"."etudiant" where 1=0
1719317587002|0|statement|select * from "public"."projet" where 1=0
1719317619124|6|statement|select * from information_schema.sequences
1719317619151|3|statement|create index idx_nom_ecole on ecole (nom_ecole)
1719317619155|1|statement|create index idx_etudiant_nom on etudiant (nom)
1719317619164|1|statement|create index idx_nom_projet on projet (nom_projet)
1719317619179|0|statement|select * from "public"."adresse" where 1=0
1719317619193|0|statement|select * from "public"."ecole" where 1=0
1719317619204|0|statement|select * from "public"."etudiant" where 1=0
1719317619207|0|statement|select * from "public"."projet" where 1=0
1719317659765|6|statement|select * from information_schema.sequences
1719317659787|3|statement|alter table if exists etudiant add column etudiant_nom varchar(50) not null
1719317659798|0|statement|create index idx_etudiant_nom on etudiant (nom)
1719317659826|0|statement|select * from "public"."adresse" where 1=0
1719317659842|0|statement|select * from "public"."ecole" where 1=0
1719317659853|0|statement|select * from "public"."etudiant" where 1=0
1719317659856|0|statement|select * from "public"."projet" where 1=0
1719317683374|4|statement|select * from information_schema.sequences
1719317683394|1|statement|alter table if exists etudiant add column etudiant_nom varchar(255)
1719317683403|1|statement|create index idx_etudiant_nom on etudiant (nom)
1719317683429|0|statement|select * from "public"."adresse" where 1=0
1719317683446|0|statement|select * from "public"."ecole" where 1=0
1719317683457|0|statement|select * from "public"."etudiant" where 1=0
1719317683460|0|statement|select * from "public"."projet" where 1=0
1719317713595|7|statement|select * from information_schema.sequences
1719317713626|4|statement|create index idx_nom_etudiant on etudiant (nom)
1719317713650|0|statement|select * from "public"."adresse" where 1=0
1719317713663|0|statement|select * from "public"."ecole" where 1=0
1719317713675|0|statement|select * from "public"."etudiant" where 1=0
1719317713678|0|statement|select * from "public"."projet" where 1=0
1719318560297|10|statement|select * from information_schema.sequences
1719318560342|0|statement|select * from "public"."adresse" where 1=0
1719318560357|0|statement|select * from "public"."ecole" where 1=0
1719318560369|0|statement|select * from "public"."etudiant" where 1=0
1719318560373|0|statement|select * from "public"."projet" where 1=0
1719318779634|10|statement|select * from information_schema.sequences
1719318779679|0|statement|select * from "public"."adresse" where 1=0
1719318779695|0|statement|select * from "public"."ecole" where 1=0
1719318779708|0|statement|select * from "public"."etudiant" where 1=0
1719318779711|0|statement|select * from "public"."projet" where 1=0
1719318805485|2|statement|select e1_0.etudiant_id,e1_0.ecole_id,e1_0.etudiant_nom,e1_0.prenom from etudiant e1_0 offset 0 rows fetch first 5 rows only
1719318805502|2|statement|select count(e1_0.etudiant_id) from etudiant e1_0
1719318805504|0|commit|
1719318805517|3|statement|select p1_0.etudiant_id,p1_1.projet_id,p1_1.nom_projet from etudiant_projet p1_0 join projet p1_1 on p1_1.projet_id=p1_0.projet_id where p1_0.etudiant_id = any ('{"1","2","3","4","5"}')
1719318821214|0|statement|select e1_0.etudiant_id,e1_0.ecole_id,e1_0.etudiant_nom,e1_0.prenom from etudiant e1_0 offset 10 rows fetch first 5 rows only
1719318821230|0|statement|select count(e1_0.etudiant_id) from etudiant e1_0
1719318821231|0|commit|
1719318821233|1|statement|select p1_0.etudiant_id,p1_1.projet_id,p1_1.nom_projet from etudiant_projet p1_0 join projet p1_1 on p1_1.projet_id=p1_0.projet_id where p1_0.etudiant_id = any ('{"11","12","13","14","15"}')
1719319136041|6|statement|select * from information_schema.sequences
1719319136088|0|statement|select * from "public"."adresse" where 1=0
1719319136102|0|statement|select * from "public"."ecole" where 1=0
1719319136113|0|statement|select * from "public"."etudiant" where 1=0
1719319136121|1|statement|select * from "public"."projet" where 1=0
1719319479831|10|statement|select * from information_schema.sequences
1719319479872|0|statement|select * from "public"."adresse" where 1=0
1719319479884|0|statement|select * from "public"."ecole" where 1=0
1719319479896|0|statement|select * from "public"."etudiant" where 1=0
1719319479899|0|statement|select * from "public"."projet" where 1=0
1719319627981|2|statement|select e1_0.etudiant_id,e1_0.ecole_id,e1_0.etudiant_nom,e1_0.prenom from etudiant e1_0 offset 0 rows fetch first 5 rows only
1719319627996|1|statement|select count(e1_0.etudiant_id) from etudiant e1_0
1719319627999|1|commit|
1719319628009|2|statement|select p1_0.etudiant_id,p1_1.projet_id,p1_1.nom_projet from etudiant_projet p1_0 join projet p1_1 on p1_1.projet_id=p1_0.projet_id where p1_0.etudiant_id = any ('{"1","2","3","4","5"}')
1719319634300|0|statement|select e1_0.etudiant_id,e1_0.ecole_id,e1_0.etudiant_nom,e1_0.prenom from etudiant e1_0 offset 0 rows fetch first 50 rows only
1719319634308|0|commit|
1719319634310|0|statement|select p1_0.etudiant_id,p1_1.projet_id,p1_1.nom_projet from etudiant_projet p1_0 join projet p1_1 on p1_1.projet_id=p1_0.projet_id where p1_0.etudiant_id = any ('{"1","2","3","4","5","6","7","8","9","10"}')
1719319634313|0|statement|select p1_0.etudiant_id,p1_1.projet_id,p1_1.nom_projet from etudiant_projet p1_0 join projet p1_1 on p1_1.projet_id=p1_0.projet_id where p1_0.etudiant_id = any ('{"11","12","13","14","15","16","17","18","19","20"}')
1719319634318|0|statement|select p1_0.etudiant_id,p1_1.projet_id,p1_1.nom_projet from etudiant_projet p1_0 join projet p1_1 on p1_1.projet_id=p1_0.projet_id where p1_0.etudiant_id=21
1719319644322|1|statement|select e1_0.etudiant_id,e1_0.ecole_id,e1_0.etudiant_nom,e1_0.prenom from etudiant e1_0 offset 0 rows fetch first 2 rows only
1719319644325|0|statement|select count(e1_0.etudiant_id) from etudiant e1_0
1719319644326|0|commit|
1719319644327|0|statement|select p1_0.etudiant_id,p1_1.projet_id,p1_1.nom_projet from etudiant_projet p1_0 join projet p1_1 on p1_1.projet_id=p1_0.projet_id where p1_0.etudiant_id = any ('{"1","2"}')
